{
  "RSpec": {
    "coverage": {
      "/Users/benjaminrandolph/turing/1mod/projects/enigma/spec/enigma_spec.rb": {
        "lines": [
          1,
          1,
          1,
          null,
          1,
          6,
          null,
          1,
          1,
          1,
          null,
          null,
          1,
          1,
          1,
          null,
          null,
          1,
          1,
          1,
          null,
          null,
          1,
          1,
          1,
          null,
          null,
          1,
          1,
          null,
          1,
          null,
          null,
          1,
          null,
          null,
          null,
          null,
          null,
          null,
          null,
          null,
          null,
          0,
          null,
          null,
          null
        ]
      },
      "/Users/benjaminrandolph/turing/1mod/projects/enigma/lib/enigma.rb": {
        "lines": [
          1,
          1,
          null,
          1,
          1,
          1,
          null,
          1,
          5,
          5,
          5,
          null,
          null,
          1,
          2,
          2,
          2,
          null,
          2,
          2,
          2,
          2,
          null,
          null,
          1,
          2,
          null,
          2,
          2,
          null,
          2,
          2,
          2,
          2,
          null,
          null
        ]
      },
      "/Users/benjaminrandolph/turing/1mod/projects/enigma/lib/cypher.rb": {
        "lines": [
          1,
          1,
          1,
          1,
          null,
          1,
          null,
          1,
          90,
          null,
          null,
          1,
          5,
          5,
          null,
          null,
          1,
          5,
          5,
          null,
          null,
          1,
          44,
          44,
          44,
          null,
          null,
          1,
          44,
          44,
          44,
          44,
          null,
          null,
          1,
          2,
          2,
          6,
          22,
          22,
          22,
          null,
          null,
          2,
          null,
          null,
          1,
          2,
          2,
          2,
          6,
          22,
          22,
          22,
          null,
          null,
          2,
          null,
          null
        ]
      }
    },
    "timestamp": 1659918695
  }
}
