{
  "RSpec": {
    "coverage": {
      "/Users/benjaminrandolph/turing/1mod/projects/enigma/spec/enigma_spec.rb": {
        "lines": [
          1,
          1,
          1,
          null,
          1,
          9,
          null,
          1,
          1,
          1,
          null,
          null,
          1,
          1,
          1,
          null,
          null,
          1,
          1,
          1,
          null,
          null,
          1,
          1,
          null,
          1,
          null,
          1,
          null,
          null,
          1,
          1,
          null,
          1,
          null,
          1,
          null,
          null,
          1,
          1,
          1,
          null,
          1,
          null,
          1,
          null,
          null,
          1,
          1,
          1,
          null,
          1,
          null,
          1,
          null,
          null,
          1,
          1,
          1,
          null,
          1,
          null,
          1,
          null,
          null,
          null
        ]
      },
      "/Users/benjaminrandolph/turing/1mod/projects/enigma/lib/enigma.rb": {
        "lines": [
          1,
          1,
          null,
          1,
          1,
          1,
          null,
          1,
          8,
          8,
          8,
          null,
          null,
          1,
          5,
          5,
          5,
          5,
          null,
          5,
          5,
          5,
          5,
          null,
          null,
          1,
          2,
          null,
          2,
          2,
          null,
          2,
          2,
          2,
          2,
          null,
          null
        ]
      },
      "/Users/benjaminrandolph/turing/1mod/projects/enigma/lib/cypher.rb": {
        "lines": [
          1,
          1,
          1,
          1,
          null,
          1,
          null,
          1,
          7,
          null,
          null,
          1,
          8,
          8,
          null,
          null,
          1,
          8,
          8,
          null,
          null,
          1,
          77,
          77,
          77,
          null,
          null,
          1,
          77,
          77,
          77,
          77,
          null,
          null,
          1,
          7,
          7,
          21,
          79,
          77,
          77,
          77,
          null,
          null,
          7,
          null,
          null
        ]
      }
    },
    "timestamp": 1659920368
  }
}
